d:\t163\semester 9\gameenginedevelopment2\directx12engine\directx12engine\directx12engine\x64\debug\vc142.pdb
d:\t163\semester 9\gameenginedevelopment2\directx12engine\directx12engine\directx12engine\x64\debug\vc142.idb
d:\t163\semester 9\gameenginedevelopment2\directx12engine\directx12engine\directx12engine\x64\debug\world.obj
d:\t163\semester 9\gameenginedevelopment2\directx12engine\directx12engine\directx12engine\x64\debug\spritenode.obj
d:\t163\semester 9\gameenginedevelopment2\directx12engine\directx12engine\directx12engine\x64\debug\scenenode.obj
d:\t163\semester 9\gameenginedevelopment2\directx12engine\directx12engine\directx12engine\x64\debug\game.obj
d:\t163\semester 9\gameenginedevelopment2\directx12engine\directx12engine\directx12engine\x64\debug\directx12engine.obj
d:\t163\semester 9\gameenginedevelopment2\directx12engine\directx12engine\directx12engine\x64\debug\aircraft.obj
d:\t163\semester 9\gameenginedevelopment2\directx12engine\directx12engine\directx12engine\x64\debug\entity.obj
d:\t163\semester 9\gameenginedevelopment2\directx12engine\directx12engine\directx12engine\x64\debug\frameresource.obj
d:\t163\semester 9\gameenginedevelopment2\directx12engine\directx12engine\directx12engine\x64\debug\mathhelper.obj
d:\t163\semester 9\gameenginedevelopment2\directx12engine\directx12engine\directx12engine\x64\debug\geometrygenerator.obj
d:\t163\semester 9\gameenginedevelopment2\directx12engine\directx12engine\directx12engine\x64\debug\gametimer.obj
d:\t163\semester 9\gameenginedevelopment2\directx12engine\directx12engine\directx12engine\x64\debug\ddstextureloader.obj
d:\t163\semester 9\gameenginedevelopment2\directx12engine\directx12engine\directx12engine\x64\debug\d3dutil.obj
d:\t163\semester 9\gameenginedevelopment2\directx12engine\directx12engine\directx12engine\x64\debug\d3dapp.obj
d:\t163\semester 9\gameenginedevelopment2\directx12engine\directx12engine\directx12engine\x64\debug\camera.obj
d:\t163\semester 9\gameenginedevelopment2\directx12engine\directx12engine\directx12engine\x64\debug\directx12engine.exe
d:\t163\semester 9\gameenginedevelopment2\directx12engine\directx12engine\directx12engine\x64\debug\directx12engine.ilk
d:\t163\semester 9\gameenginedevelopment2\directx12engine\directx12engine\directx12engine\x64\debug\directx12engine.pdb
d:\t163\semester 9\gameenginedevelopment2\directx12engine\directx12engine\directx12engine\x64\debug\game.obj.enc
d:\t163\semester 9\gameenginedevelopment2\directx12engine\directx12engine\directx12engine\x64\debug\directx12engine.tlog\cl.command.1.tlog
d:\t163\semester 9\gameenginedevelopment2\directx12engine\directx12engine\directx12engine\x64\debug\directx12engine.tlog\cl.read.1.tlog
d:\t163\semester 9\gameenginedevelopment2\directx12engine\directx12engine\directx12engine\x64\debug\directx12engine.tlog\cl.write.1.tlog
d:\t163\semester 9\gameenginedevelopment2\directx12engine\directx12engine\directx12engine\x64\debug\directx12engine.tlog\link.command.1.tlog
d:\t163\semester 9\gameenginedevelopment2\directx12engine\directx12engine\directx12engine\x64\debug\directx12engine.tlog\link.read.1.tlog
d:\t163\semester 9\gameenginedevelopment2\directx12engine\directx12engine\directx12engine\x64\debug\directx12engine.tlog\link.write.1.tlog
